2015-01-15 07:24:57.5847|Debug|Logger was created successfully.
2015-01-15 07:24:57.5947|Debug|Creating module catalog.
2015-01-15 07:24:57.6107|Debug|Configuring module catalog.
2015-01-15 07:24:57.6107|Debug|Creating catalog for MEF
2015-01-15 07:24:57.6107|Debug|Configuring catalog for MEF
2015-01-15 07:24:57.7417|Debug|Creating Mef container
2015-01-15 07:24:57.7417|Debug|Configuring MEF container
2015-01-15 07:24:57.7507|Debug|Configuring ServiceLocator singleton
2015-01-15 07:24:57.7717|Debug|Configuring region adapters
2015-01-15 07:24:57.7837|Debug|Configuring default region behaviors
2015-01-15 07:24:57.7837|Debug|Registering Framework Exception Types
2015-01-15 07:24:57.7837|Debug|Creating shell
2015-01-15 07:24:57.9447|Debug|Setting the RegionManager.
2015-01-15 07:24:57.9447|Debug|Updating Regions.
2015-01-15 07:24:57.9557|Debug|Initializing shell
2015-01-15 07:24:58.4327|Debug|Initializing modules
2015-01-15 07:24:58.4547|Debug|Bootstrapper sequence completed
2015-01-15 07:26:04.7977|Debug|Logger was created successfully.
2015-01-15 07:26:04.8137|Debug|Creating module catalog.
2015-01-15 07:26:04.8137|Debug|Configuring module catalog.
2015-01-15 07:26:04.8307|Debug|Creating catalog for MEF
2015-01-15 07:26:04.8307|Debug|Configuring catalog for MEF
2015-01-15 07:26:04.9187|Debug|Creating Mef container
2015-01-15 07:26:04.9237|Debug|Configuring MEF container
2015-01-15 07:26:04.9237|Debug|Configuring ServiceLocator singleton
2015-01-15 07:26:04.9487|Debug|Configuring region adapters
2015-01-15 07:26:04.9537|Debug|Configuring default region behaviors
2015-01-15 07:26:04.9677|Debug|Registering Framework Exception Types
2015-01-15 07:26:04.9677|Debug|Creating shell
2015-01-15 07:26:31.5907|Debug|Logger was created successfully.
2015-01-15 07:26:31.6127|Debug|Creating module catalog.
2015-01-15 07:26:31.6127|Debug|Configuring module catalog.
2015-01-15 07:26:31.6127|Debug|Creating catalog for MEF
2015-01-15 07:26:31.6287|Debug|Configuring catalog for MEF
2015-01-15 07:26:31.7027|Debug|Creating Mef container
2015-01-15 07:26:31.7077|Debug|Configuring MEF container
2015-01-15 07:26:31.7077|Debug|Configuring ServiceLocator singleton
2015-01-15 07:26:31.7367|Debug|Configuring region adapters
2015-01-15 07:26:31.7367|Debug|Configuring default region behaviors
2015-01-15 07:26:31.7547|Debug|Registering Framework Exception Types
2015-01-15 07:26:31.7547|Debug|Creating shell
2015-01-15 07:38:18.2097|Debug|Logger was created successfully.
2015-01-15 07:38:18.2257|Debug|Creating module catalog.
2015-01-15 07:38:18.2407|Debug|Configuring module catalog.
2015-01-15 07:38:18.2407|Debug|Creating catalog for MEF
2015-01-15 07:38:18.2567|Debug|Configuring catalog for MEF
2015-01-15 07:38:18.3277|Debug|Creating Mef container
2015-01-15 07:38:18.3347|Debug|Configuring MEF container
2015-01-15 07:38:18.3347|Debug|Configuring ServiceLocator singleton
2015-01-15 07:38:18.3617|Debug|Configuring region adapters
2015-01-15 07:38:18.3667|Debug|Configuring default region behaviors
2015-01-15 07:38:18.3817|Debug|Registering Framework Exception Types
2015-01-15 07:38:18.3817|Debug|Creating shell
2015-01-15 07:38:18.5447|Debug|Setting the RegionManager.
2015-01-15 07:38:18.5527|Debug|Updating Regions.
2015-01-15 07:38:18.5527|Debug|Initializing shell
2015-01-15 07:38:18.8527|Debug|Initializing modules
2015-01-15 07:38:18.8767|Debug|Bootstrapper sequence completed
2015-01-15 07:41:56.1387|Debug|Logger was created successfully.
2015-01-15 07:41:56.1627|Debug|Creating module catalog.
2015-01-15 07:41:56.1627|Debug|Configuring module catalog.
2015-01-15 07:41:56.1767|Debug|Creating catalog for MEF
2015-01-15 07:41:56.1767|Debug|Configuring catalog for MEF
2015-01-15 07:41:56.2607|Debug|Creating Mef container
2015-01-15 07:41:56.2607|Debug|Configuring MEF container
2015-01-15 07:41:56.2737|Debug|Configuring ServiceLocator singleton
2015-01-15 07:41:56.2987|Debug|Configuring region adapters
2015-01-15 07:41:56.3047|Debug|Configuring default region behaviors
2015-01-15 07:41:56.3197|Debug|Registering Framework Exception Types
2015-01-15 07:41:56.3197|Debug|Creating shell
2015-01-15 07:41:56.4837|Debug|Setting the RegionManager.
2015-01-15 07:41:56.4897|Debug|Updating Regions.
2015-01-15 07:41:56.4897|Debug|Initializing shell
2015-01-15 07:41:56.7907|Debug|Initializing modules
2015-01-15 07:41:56.8167|Debug|Bootstrapper sequence completed
2015-01-15 07:47:37.9047|Debug|Logger was created successfully.
2015-01-15 07:47:37.9297|Debug|Creating module catalog.
2015-01-15 07:47:37.9297|Debug|Configuring module catalog.
2015-01-15 07:47:37.9447|Debug|Creating catalog for MEF
2015-01-15 07:47:37.9447|Debug|Configuring catalog for MEF
2015-01-15 07:47:38.0337|Debug|Creating Mef container
2015-01-15 07:47:38.0337|Debug|Configuring MEF container
2015-01-15 07:47:38.0487|Debug|Configuring ServiceLocator singleton
2015-01-15 07:47:38.0677|Debug|Configuring region adapters
2015-01-15 07:47:38.0817|Debug|Configuring default region behaviors
2015-01-15 07:47:38.0817|Debug|Registering Framework Exception Types
2015-01-15 07:47:38.0977|Debug|Creating shell
2015-01-15 07:47:38.2717|Debug|Setting the RegionManager.
2015-01-15 07:47:38.2717|Debug|Updating Regions.
2015-01-15 07:47:38.2877|Debug|Initializing shell
2015-01-15 07:48:26.7157|Debug|Logger was created successfully.
2015-01-15 07:48:26.7417|Debug|Creating module catalog.
2015-01-15 07:48:26.7497|Debug|Configuring module catalog.
2015-01-15 07:48:26.7497|Debug|Creating catalog for MEF
2015-01-15 07:48:26.7657|Debug|Configuring catalog for MEF
2015-01-15 07:48:26.8437|Debug|Creating Mef container
2015-01-15 07:48:26.8437|Debug|Configuring MEF container
2015-01-15 07:48:26.8587|Debug|Configuring ServiceLocator singleton
2015-01-15 07:48:26.8817|Debug|Configuring region adapters
2015-01-15 07:48:26.8947|Debug|Configuring default region behaviors
2015-01-15 07:48:26.8947|Debug|Registering Framework Exception Types
2015-01-15 07:48:26.9087|Debug|Creating shell
2015-01-15 07:48:27.0757|Debug|Setting the RegionManager.
2015-01-15 07:48:27.0837|Debug|Updating Regions.
2015-01-15 07:48:27.0927|Debug|Initializing shell
2015-01-15 07:48:27.2997|Debug|Initializing modules
2015-01-15 07:48:27.3247|Debug|Bootstrapper sequence completed
2015-01-15 08:13:11.3437|Debug|Logger was created successfully.
2015-01-15 08:13:11.3577|Debug|Creating module catalog.
2015-01-15 08:13:11.3747|Debug|Configuring module catalog.
2015-01-15 08:13:11.3747|Debug|Creating catalog for MEF
2015-01-15 08:13:11.3887|Debug|Configuring catalog for MEF
2015-01-15 08:13:11.4547|Debug|Creating Mef container
2015-01-15 08:13:11.4547|Debug|Configuring MEF container
2015-01-15 08:13:11.4677|Debug|Configuring ServiceLocator singleton
2015-01-15 08:13:11.4917|Debug|Configuring region adapters
2015-01-15 08:13:11.4977|Debug|Configuring default region behaviors
2015-01-15 08:13:11.5147|Debug|Registering Framework Exception Types
2015-01-15 08:13:11.5147|Debug|Creating shell
2015-01-15 08:13:11.6807|Debug|Setting the RegionManager.
2015-01-15 08:13:11.6867|Debug|Updating Regions.
2015-01-15 08:13:11.6867|Debug|Initializing shell
2015-01-15 08:13:12.0397|Debug|Initializing modules
2015-01-15 08:13:12.0677|Debug|Bootstrapper sequence completed
2015-01-15 08:19:55.7697|Debug|Logger was created successfully.
2015-01-15 08:19:55.7847|Debug|Creating module catalog.
2015-01-15 08:19:55.7997|Debug|Configuring module catalog.
2015-01-15 08:19:55.7997|Debug|Creating catalog for MEF
2015-01-15 08:19:55.8137|Debug|Configuring catalog for MEF
2015-01-15 08:19:55.8817|Debug|Creating Mef container
2015-01-15 08:19:55.8817|Debug|Configuring MEF container
2015-01-15 08:19:55.8957|Debug|Configuring ServiceLocator singleton
2015-01-15 08:19:55.9187|Debug|Configuring region adapters
2015-01-15 08:19:55.9257|Debug|Configuring default region behaviors
2015-01-15 08:19:55.9397|Debug|Registering Framework Exception Types
2015-01-15 08:19:55.9397|Debug|Creating shell
2015-01-15 08:19:56.1007|Debug|Setting the RegionManager.
2015-01-15 08:19:56.1097|Debug|Updating Regions.
2015-01-15 08:19:56.1097|Debug|Initializing shell
2015-01-15 08:19:56.4157|Debug|Initializing modules
2015-01-15 08:19:56.4447|Debug|Bootstrapper sequence completed
2015-01-15 08:39:40.9867|Debug|Logger was created successfully.
2015-01-15 08:39:41.0117|Debug|Creating module catalog.
2015-01-15 08:39:41.0117|Debug|Configuring module catalog.
2015-01-15 08:39:41.0287|Debug|Creating catalog for MEF
2015-01-15 08:39:41.0287|Debug|Configuring catalog for MEF
2015-01-15 08:39:41.1127|Debug|Creating Mef container
2015-01-15 08:39:41.1197|Debug|Configuring MEF container
2015-01-15 08:39:41.1197|Debug|Configuring ServiceLocator singleton
2015-01-15 08:39:41.1537|Debug|Configuring region adapters
2015-01-15 08:39:41.1697|Debug|Configuring default region behaviors
2015-01-15 08:39:41.1697|Debug|Registering Framework Exception Types
2015-01-15 08:39:41.1857|Debug|Creating shell
2015-01-15 08:39:41.3487|Debug|Setting the RegionManager.
2015-01-15 08:39:41.3547|Debug|Updating Regions.
2015-01-15 08:39:41.3547|Debug|Initializing shell
2015-01-15 08:39:41.6517|Debug|Initializing modules
2015-01-15 08:39:41.6787|Debug|Bootstrapper sequence completed
2015-01-15 08:40:21.5347|Debug|Logger was created successfully.
2015-01-15 08:40:21.5597|Debug|Creating module catalog.
2015-01-15 08:40:21.5597|Debug|Configuring module catalog.
2015-01-15 08:40:21.5737|Debug|Creating catalog for MEF
2015-01-15 08:40:21.5737|Debug|Configuring catalog for MEF
2015-01-15 08:40:21.6577|Debug|Creating Mef container
2015-01-15 08:40:21.6647|Debug|Configuring MEF container
2015-01-15 08:40:21.6647|Debug|Configuring ServiceLocator singleton
2015-01-15 08:40:21.6987|Debug|Configuring region adapters
2015-01-15 08:40:21.7157|Debug|Configuring default region behaviors
2015-01-15 08:40:21.7247|Debug|Registering Framework Exception Types
2015-01-15 08:40:21.7247|Debug|Creating shell
2015-01-15 08:40:21.9197|Debug|Setting the RegionManager.
2015-01-15 08:40:21.9267|Debug|Updating Regions.
2015-01-15 08:40:21.9267|Debug|Initializing shell
2015-01-15 08:40:22.2717|Debug|Initializing modules
2015-01-15 08:40:22.3027|Debug|Bootstrapper sequence completed
2015-01-15 08:47:49.9807|Debug|Logger was created successfully.
2015-01-15 08:47:50.0057|Debug|Creating module catalog.
2015-01-15 08:47:50.0057|Debug|Configuring module catalog.
2015-01-15 08:47:50.0197|Debug|Creating catalog for MEF
2015-01-15 08:47:50.0197|Debug|Configuring catalog for MEF
2015-01-15 08:47:50.0977|Debug|Creating Mef container
2015-01-15 08:47:50.0977|Debug|Configuring MEF container
2015-01-15 08:47:50.1107|Debug|Configuring ServiceLocator singleton
2015-01-15 08:47:50.1347|Debug|Configuring region adapters
2015-01-15 08:47:50.1417|Debug|Configuring default region behaviors
2015-01-15 08:47:50.1557|Debug|Registering Framework Exception Types
2015-01-15 08:47:50.1557|Debug|Creating shell
2015-01-15 08:48:21.5727|Debug|Logger was created successfully.
2015-01-15 08:48:21.5877|Debug|Creating module catalog.
2015-01-15 08:48:21.6047|Debug|Configuring module catalog.
2015-01-15 08:48:21.6047|Debug|Creating catalog for MEF
2015-01-15 08:48:21.6197|Debug|Configuring catalog for MEF
2015-01-15 08:48:21.6917|Debug|Creating Mef container
2015-01-15 08:48:21.6977|Debug|Configuring MEF container
2015-01-15 08:48:21.6977|Debug|Configuring ServiceLocator singleton
2015-01-15 08:48:21.7297|Debug|Configuring region adapters
2015-01-15 08:48:21.7437|Debug|Configuring default region behaviors
2015-01-15 08:48:21.7437|Debug|Registering Framework Exception Types
2015-01-15 08:48:21.7587|Debug|Creating shell
2015-01-15 08:48:54.7307|Debug|Logger was created successfully.
2015-01-15 08:48:54.7557|Debug|Creating module catalog.
2015-01-15 08:48:54.7557|Debug|Configuring module catalog.
2015-01-15 08:48:54.7727|Debug|Creating catalog for MEF
2015-01-15 08:48:54.7727|Debug|Configuring catalog for MEF
2015-01-15 08:48:54.8537|Debug|Creating Mef container
2015-01-15 08:48:54.8607|Debug|Configuring MEF container
2015-01-15 08:48:54.8607|Debug|Configuring ServiceLocator singleton
2015-01-15 08:48:54.8977|Debug|Configuring region adapters
2015-01-15 08:48:54.9147|Debug|Configuring default region behaviors
2015-01-15 08:48:54.9227|Debug|Registering Framework Exception Types
2015-01-15 08:48:54.9227|Debug|Creating shell
2015-01-15 08:48:55.0907|Debug|Setting the RegionManager.
2015-01-15 08:48:55.0977|Debug|Updating Regions.
2015-01-15 08:48:55.0977|Debug|Initializing shell
2015-01-15 08:48:55.4167|Debug|Initializing modules
2015-01-15 08:48:55.4427|Debug|Bootstrapper sequence completed
2015-01-15 08:50:59.4267|Debug|Logger was created successfully.
2015-01-15 08:50:59.4537|Debug|Creating module catalog.
2015-01-15 08:50:59.4537|Debug|Configuring module catalog.
2015-01-15 08:50:59.4677|Debug|Creating catalog for MEF
2015-01-15 08:50:59.4677|Debug|Configuring catalog for MEF
2015-01-15 08:50:59.5407|Debug|Creating Mef container
2015-01-15 08:50:59.5477|Debug|Configuring MEF container
2015-01-15 08:50:59.5477|Debug|Configuring ServiceLocator singleton
2015-01-15 08:50:59.5807|Debug|Configuring region adapters
2015-01-15 08:50:59.5967|Debug|Configuring default region behaviors
2015-01-15 08:50:59.5967|Debug|Registering Framework Exception Types
2015-01-15 08:50:59.6137|Debug|Creating shell
2015-01-15 08:50:59.8047|Debug|Setting the RegionManager.
2015-01-15 08:50:59.8107|Debug|Updating Regions.
2015-01-15 08:50:59.8107|Debug|Initializing shell
2015-01-15 08:51:00.1167|Debug|Initializing modules
2015-01-15 08:51:00.1437|Debug|Bootstrapper sequence completed
