2015-01-11 09:08:09.0453|Debug|Logger was created successfully.
2015-01-11 09:08:09.1078|Debug|Creating module catalog.
2015-01-11 09:08:09.1235|Debug|Configuring module catalog.
2015-01-11 09:08:09.1391|Debug|Creating catalog for MEF
2015-01-11 09:08:09.1391|Debug|Configuring catalog for MEF
2015-01-11 09:08:09.4203|Debug|Creating Mef container
2015-01-11 09:08:09.4360|Debug|Configuring MEF container
2015-01-11 09:08:09.4360|Debug|Configuring ServiceLocator singleton
2015-01-11 09:08:09.4828|Debug|Configuring region adapters
2015-01-11 09:08:09.5141|Debug|Configuring default region behaviors
2015-01-11 09:08:09.5297|Debug|Registering Framework Exception Types
2015-01-11 09:08:09.5297|Debug|Creating shell
2015-01-11 09:08:09.8735|Debug|Setting the RegionManager.
2015-01-11 09:08:09.8891|Debug|Updating Regions.
2015-01-11 09:08:09.8891|Debug|Initializing shell
2015-01-11 09:08:10.2485|Debug|Initializing modules
2015-01-11 09:08:10.3110|Debug|Bootstrapper sequence completed
2015-01-11 09:09:11.7970|Debug|Logger was created successfully.
2015-01-11 09:09:11.8439|Debug|Creating module catalog.
2015-01-11 09:09:11.8439|Debug|Configuring module catalog.
2015-01-11 09:09:11.8595|Debug|Creating catalog for MEF
2015-01-11 09:09:11.8595|Debug|Configuring catalog for MEF
2015-01-11 09:09:12.0158|Debug|Creating Mef container
2015-01-11 09:09:12.0158|Debug|Configuring MEF container
2015-01-11 09:09:12.0314|Debug|Configuring ServiceLocator singleton
2015-01-11 09:09:12.0470|Debug|Configuring region adapters
2015-01-11 09:09:12.0783|Debug|Configuring default region behaviors
2015-01-11 09:09:12.0783|Debug|Registering Framework Exception Types
2015-01-11 09:09:12.0939|Debug|Creating shell
2015-01-11 09:09:12.2814|Debug|Setting the RegionManager.
2015-01-11 09:09:12.2970|Debug|Updating Regions.
2015-01-11 09:09:12.3126|Debug|Initializing shell
2015-01-11 09:09:12.5939|Debug|Initializing modules
2015-01-11 09:09:12.6720|Debug|Bootstrapper sequence completed
2015-01-11 09:24:56.8257|Debug|Logger was created successfully.
2015-01-11 09:24:56.8726|Debug|Creating module catalog.
2015-01-11 09:24:56.8882|Debug|Configuring module catalog.
2015-01-11 09:24:56.8882|Debug|Creating catalog for MEF
2015-01-11 09:24:56.9038|Debug|Configuring catalog for MEF
2015-01-11 09:24:57.0757|Debug|Creating Mef container
2015-01-11 09:24:57.1069|Debug|Configuring MEF container
2015-01-11 09:24:57.1226|Debug|Configuring ServiceLocator singleton
2015-01-11 09:24:57.1382|Debug|Configuring region adapters
2015-01-11 09:24:57.1694|Debug|Configuring default region behaviors
2015-01-11 09:24:57.1694|Debug|Registering Framework Exception Types
2015-01-11 09:24:57.1851|Debug|Creating shell
2015-01-11 09:24:57.4038|Debug|Setting the RegionManager.
2015-01-11 09:24:57.4194|Debug|Updating Regions.
2015-01-11 09:24:57.4351|Debug|Initializing shell
2015-01-11 09:24:57.7476|Debug|Initializing modules
2015-01-11 09:24:57.8101|Debug|Bootstrapper sequence completed
2015-01-11 09:30:20.2912|Debug|Logger was created successfully.
2015-01-11 09:30:20.3380|Debug|Creating module catalog.
2015-01-11 09:30:20.3537|Debug|Configuring module catalog.
2015-01-11 09:30:20.3537|Debug|Creating catalog for MEF
2015-01-11 09:30:20.3537|Debug|Configuring catalog for MEF
2015-01-11 09:30:20.6037|Debug|Creating Mef container
2015-01-11 09:30:20.6193|Debug|Configuring MEF container
2015-01-11 09:30:20.6193|Debug|Configuring ServiceLocator singleton
2015-01-11 09:30:20.6505|Debug|Configuring region adapters
2015-01-11 09:30:20.6662|Debug|Configuring default region behaviors
2015-01-11 09:30:20.6818|Debug|Registering Framework Exception Types
2015-01-11 09:30:20.6974|Debug|Creating shell
2015-01-11 09:30:20.8849|Debug|Setting the RegionManager.
2015-01-11 09:30:20.9005|Debug|Updating Regions.
2015-01-11 09:30:20.9474|Debug|Initializing shell
2015-01-11 09:30:21.2912|Debug|Initializing modules
2015-01-11 09:30:21.3537|Debug|Bootstrapper sequence completed
2015-01-11 11:11:42.5166|Debug|Logger was created successfully.
2015-01-11 11:11:42.5656|Debug|Creating module catalog.
2015-01-11 11:11:42.5766|Debug|Configuring module catalog.
2015-01-11 11:11:42.5766|Debug|Creating catalog for MEF
2015-01-11 11:11:42.5936|Debug|Configuring catalog for MEF
2015-01-11 11:11:42.9087|Debug|Creating Mef container
2015-01-11 11:11:42.9207|Debug|Configuring MEF container
2015-01-11 11:11:42.9377|Debug|Configuring ServiceLocator singleton
2015-01-11 11:11:42.9647|Debug|Configuring region adapters
2015-01-11 11:11:42.9937|Debug|Configuring default region behaviors
2015-01-11 11:11:43.0017|Debug|Registering Framework Exception Types
2015-01-11 11:11:43.0137|Debug|Creating shell
2015-01-11 11:11:43.2535|Debug|Setting the RegionManager.
2015-01-11 11:11:43.2691|Debug|Updating Regions.
2015-01-11 11:11:43.2691|Debug|Initializing shell
2015-01-11 11:11:43.6285|Debug|Initializing modules
2015-01-11 11:11:43.7066|Debug|Bootstrapper sequence completed
2015-01-11 11:13:34.1189|Debug|Logger was created successfully.
2015-01-11 11:13:34.1609|Debug|Creating module catalog.
2015-01-11 11:13:34.1699|Debug|Configuring module catalog.
2015-01-11 11:13:34.1699|Debug|Creating catalog for MEF
2015-01-11 11:13:34.1909|Debug|Configuring catalog for MEF
2015-01-11 11:13:34.5800|Debug|Creating Mef container
2015-01-11 11:13:34.5956|Debug|Configuring MEF container
2015-01-11 11:13:34.6425|Debug|Configuring ServiceLocator singleton
2015-01-11 11:13:35.0956|Debug|Configuring region adapters
2015-01-11 11:13:35.1425|Debug|Configuring default region behaviors
2015-01-11 11:13:35.1425|Debug|Registering Framework Exception Types
2015-01-11 11:13:35.1581|Debug|Creating shell
2015-01-11 11:15:37.2964|Debug|Logger was created successfully.
2015-01-11 11:15:37.3454|Debug|Creating module catalog.
2015-01-11 11:15:37.3644|Debug|Configuring module catalog.
2015-01-11 11:15:37.3754|Debug|Creating catalog for MEF
2015-01-11 11:15:37.3754|Debug|Configuring catalog for MEF
2015-01-11 11:15:37.7636|Debug|Creating Mef container
2015-01-11 11:15:37.7792|Debug|Configuring MEF container
2015-01-11 11:15:37.7948|Debug|Configuring ServiceLocator singleton
2015-01-11 11:15:37.8105|Debug|Configuring region adapters
2015-01-11 11:15:37.8417|Debug|Configuring default region behaviors
2015-01-11 11:15:37.8573|Debug|Registering Framework Exception Types
2015-01-11 11:15:37.8573|Debug|Creating shell
2015-01-11 11:15:46.9513|Debug|Setting the RegionManager.
2015-01-11 11:15:46.9669|Debug|Updating Regions.
2015-01-11 11:15:46.9669|Debug|Initializing shell
2015-01-11 11:15:47.2794|Debug|Initializing modules
2015-01-11 11:15:47.3419|Debug|Bootstrapper sequence completed
2015-01-11 11:16:35.8745|Debug|Logger was created successfully.
2015-01-11 11:16:35.9214|Debug|Creating module catalog.
2015-01-11 11:16:35.9370|Debug|Configuring module catalog.
2015-01-11 11:16:35.9370|Debug|Creating catalog for MEF
2015-01-11 11:16:35.9526|Debug|Configuring catalog for MEF
2015-01-11 11:16:36.0932|Debug|Creating Mef container
2015-01-11 11:16:36.1089|Debug|Configuring MEF container
2015-01-11 11:16:36.1245|Debug|Configuring ServiceLocator singleton
2015-01-11 11:16:36.1401|Debug|Configuring region adapters
2015-01-11 11:16:36.1714|Debug|Configuring default region behaviors
2015-01-11 11:16:36.1714|Debug|Registering Framework Exception Types
2015-01-11 11:16:36.1870|Debug|Creating shell
2015-01-11 11:16:36.4057|Debug|Setting the RegionManager.
2015-01-11 11:16:36.4214|Debug|Updating Regions.
2015-01-11 11:16:36.4214|Debug|Initializing shell
2015-01-11 11:16:36.7339|Debug|Initializing modules
2015-01-11 11:16:36.8120|Debug|Bootstrapper sequence completed
2015-01-11 11:17:45.8218|Debug|Logger was created successfully.
2015-01-11 11:17:45.8687|Debug|Creating module catalog.
2015-01-11 11:17:45.8843|Debug|Configuring module catalog.
2015-01-11 11:17:45.8843|Debug|Creating catalog for MEF
2015-01-11 11:17:45.8999|Debug|Configuring catalog for MEF
2015-01-11 11:17:46.0562|Debug|Creating Mef container
2015-01-11 11:17:46.0718|Debug|Configuring MEF container
2015-01-11 11:17:46.0718|Debug|Configuring ServiceLocator singleton
2015-01-11 11:17:46.1031|Debug|Configuring region adapters
2015-01-11 11:17:46.1187|Debug|Configuring default region behaviors
2015-01-11 11:17:46.1343|Debug|Registering Framework Exception Types
2015-01-11 11:17:46.1499|Debug|Creating shell
2015-01-11 11:17:46.3687|Debug|Setting the RegionManager.
2015-01-11 11:17:46.3843|Debug|Updating Regions.
2015-01-11 11:17:46.4156|Debug|Initializing shell
2015-01-11 11:17:46.7124|Debug|Initializing modules
2015-01-11 11:17:46.7749|Debug|Bootstrapper sequence completed
2015-01-11 11:19:46.8349|Debug|Logger was created successfully.
2015-01-11 11:19:46.8829|Debug|Creating module catalog.
2015-01-11 11:19:46.8909|Debug|Configuring module catalog.
2015-01-11 11:19:46.8909|Debug|Creating catalog for MEF
2015-01-11 11:19:46.9119|Debug|Configuring catalog for MEF
2015-01-11 11:19:47.1019|Debug|Creating Mef container
2015-01-11 11:19:47.1449|Debug|Configuring MEF container
2015-01-11 11:19:47.1599|Debug|Configuring ServiceLocator singleton
2015-01-11 11:19:47.1739|Debug|Configuring region adapters
2015-01-11 11:19:47.2112|Debug|Configuring default region behaviors
2015-01-11 11:19:47.2269|Debug|Registering Framework Exception Types
2015-01-11 11:19:47.2269|Debug|Creating shell
2015-01-11 11:19:47.4300|Debug|Setting the RegionManager.
2015-01-11 11:19:47.4456|Debug|Updating Regions.
2015-01-11 11:19:47.4456|Debug|Initializing shell
2015-01-11 11:19:47.7581|Debug|Initializing modules
2015-01-11 11:19:47.8363|Debug|Bootstrapper sequence completed
2015-01-11 11:20:22.4467|Debug|Logger was created successfully.
2015-01-11 11:20:22.4947|Debug|Creating module catalog.
2015-01-11 11:20:22.5037|Debug|Configuring module catalog.
2015-01-11 11:20:22.5157|Debug|Creating catalog for MEF
2015-01-11 11:20:22.5157|Debug|Configuring catalog for MEF
2015-01-11 11:20:22.6633|Debug|Creating Mef container
2015-01-11 11:20:22.6789|Debug|Configuring MEF container
2015-01-11 11:20:22.6946|Debug|Configuring ServiceLocator singleton
2015-01-11 11:20:22.7102|Debug|Configuring region adapters
2015-01-11 11:20:22.7414|Debug|Configuring default region behaviors
2015-01-11 11:20:22.7571|Debug|Registering Framework Exception Types
2015-01-11 11:20:22.7727|Debug|Creating shell
2015-01-11 11:20:23.0383|Debug|Setting the RegionManager.
2015-01-11 11:20:23.0539|Debug|Updating Regions.
2015-01-11 11:20:23.0539|Debug|Initializing shell
2015-01-11 11:20:23.3352|Debug|Initializing modules
2015-01-11 11:20:23.4133|Debug|Bootstrapper sequence completed
2015-01-11 11:40:47.5232|Debug|Logger was created successfully.
2015-01-11 11:40:47.5701|Debug|Creating module catalog.
2015-01-11 11:40:47.5857|Debug|Configuring module catalog.
2015-01-11 11:40:47.5857|Debug|Creating catalog for MEF
2015-01-11 11:40:47.6014|Debug|Configuring catalog for MEF
2015-01-11 11:40:47.8982|Debug|Creating Mef container
2015-01-11 11:40:47.9139|Debug|Configuring MEF container
2015-01-11 11:40:47.9295|Debug|Configuring ServiceLocator singleton
2015-01-11 11:40:47.9451|Debug|Configuring region adapters
2015-01-11 11:40:47.9764|Debug|Configuring default region behaviors
2015-01-11 11:40:47.9920|Debug|Registering Framework Exception Types
2015-01-11 11:40:47.9920|Debug|Creating shell
2015-01-11 11:40:48.1951|Debug|Setting the RegionManager.
2015-01-11 11:40:48.2108|Debug|Updating Regions.
2015-01-11 11:40:48.2108|Debug|Initializing shell
2015-01-11 11:40:48.6211|Debug|Initializing modules
2015-01-11 11:40:48.7332|Debug|Bootstrapper sequence completed
2015-01-11 11:42:12.2807|Debug|Logger was created successfully.
2015-01-11 11:42:12.3257|Debug|Creating module catalog.
2015-01-11 11:42:12.3257|Debug|Configuring module catalog.
2015-01-11 11:42:12.3427|Debug|Creating catalog for MEF
2015-01-11 11:42:12.3567|Debug|Configuring catalog for MEF
2015-01-11 11:42:12.5675|Debug|Creating Mef container
2015-01-11 11:42:12.5832|Debug|Configuring MEF container
2015-01-11 11:42:12.5988|Debug|Configuring ServiceLocator singleton
2015-01-11 11:42:12.6300|Debug|Configuring region adapters
2015-01-11 11:42:12.6457|Debug|Configuring default region behaviors
2015-01-11 11:42:12.6613|Debug|Registering Framework Exception Types
2015-01-11 11:42:12.6613|Debug|Creating shell
2015-01-11 11:42:12.8800|Debug|Setting the RegionManager.
2015-01-11 11:42:12.8957|Debug|Updating Regions.
2015-01-11 11:42:12.9113|Debug|Initializing shell
2015-01-11 11:42:13.1925|Debug|Initializing modules
2015-01-11 11:42:13.2707|Debug|Bootstrapper sequence completed
2015-01-11 11:44:21.1627|Debug|Logger was created successfully.
2015-01-11 11:44:21.2117|Debug|Creating module catalog.
2015-01-11 11:44:21.2217|Debug|Configuring module catalog.
2015-01-11 11:44:21.2317|Debug|Creating catalog for MEF
2015-01-11 11:44:21.2317|Debug|Configuring catalog for MEF
2015-01-11 11:44:21.4278|Debug|Creating Mef container
2015-01-11 11:44:21.4358|Debug|Configuring MEF container
2015-01-11 11:44:21.4498|Debug|Configuring ServiceLocator singleton
2015-01-11 11:44:21.4758|Debug|Configuring region adapters
2015-01-11 11:44:21.5038|Debug|Configuring default region behaviors
2015-01-11 11:44:21.5148|Debug|Registering Framework Exception Types
2015-01-11 11:44:21.5148|Debug|Creating shell
2015-01-11 11:44:21.7328|Debug|Setting the RegionManager.
2015-01-11 11:44:21.7468|Debug|Updating Regions.
2015-01-11 11:44:21.7468|Debug|Initializing shell
2015-01-11 11:44:22.0638|Debug|Initializing modules
2015-01-11 11:44:22.1398|Debug|Bootstrapper sequence completed
2015-01-11 11:45:23.2191|Debug|Logger was created successfully.
2015-01-11 11:45:23.2651|Debug|Creating module catalog.
2015-01-11 11:45:23.2651|Debug|Configuring module catalog.
2015-01-11 11:45:23.2861|Debug|Creating catalog for MEF
2015-01-11 11:45:23.2941|Debug|Configuring catalog for MEF
2015-01-11 11:45:23.6371|Debug|Creating Mef container
2015-01-11 11:45:23.6527|Debug|Configuring MEF container
2015-01-11 11:45:23.6683|Debug|Configuring ServiceLocator singleton
2015-01-11 11:45:23.6839|Debug|Configuring region adapters
2015-01-11 11:45:23.7152|Debug|Configuring default region behaviors
2015-01-11 11:45:23.7308|Debug|Registering Framework Exception Types
2015-01-11 11:45:23.7308|Debug|Creating shell
2015-01-11 11:45:23.9496|Debug|Setting the RegionManager.
2015-01-11 11:45:23.9652|Debug|Updating Regions.
2015-01-11 11:45:23.9652|Debug|Initializing shell
2015-01-11 11:45:24.1996|Debug|Initializing modules
2015-01-11 11:45:24.2621|Debug|Bootstrapper sequence completed
2015-01-11 11:48:12.8223|Debug|Logger was created successfully.
2015-01-11 11:48:12.8663|Debug|Creating module catalog.
2015-01-11 11:48:12.8753|Debug|Configuring module catalog.
2015-01-11 11:48:12.8753|Debug|Creating catalog for MEF
2015-01-11 11:48:12.8933|Debug|Configuring catalog for MEF
2015-01-11 11:48:13.1124|Debug|Creating Mef container
2015-01-11 11:48:13.1294|Debug|Configuring MEF container
2015-01-11 11:48:13.1404|Debug|Configuring ServiceLocator singleton
2015-01-11 11:48:13.1784|Debug|Configuring region adapters
2015-01-11 11:48:13.2064|Debug|Configuring default region behaviors
2015-01-11 11:48:13.2184|Debug|Registering Framework Exception Types
2015-01-11 11:48:13.2184|Debug|Creating shell
2015-01-11 11:48:13.5357|Debug|Setting the RegionManager.
2015-01-11 11:48:13.5513|Debug|Updating Regions.
2015-01-11 11:48:13.5513|Debug|Initializing shell
2015-01-11 11:48:13.8013|Debug|Initializing modules
2015-01-11 11:48:13.8638|Debug|Bootstrapper sequence completed
2015-01-11 11:50:40.4383|Debug|Logger was created successfully.
2015-01-11 11:50:40.4853|Debug|Creating module catalog.
2015-01-11 11:50:40.4993|Debug|Configuring module catalog.
2015-01-11 11:50:40.4993|Debug|Creating catalog for MEF
2015-01-11 11:50:40.5153|Debug|Configuring catalog for MEF
2015-01-11 11:50:40.7223|Debug|Creating Mef container
2015-01-11 11:50:40.7323|Debug|Configuring MEF container
2015-01-11 11:50:40.7493|Debug|Configuring ServiceLocator singleton
2015-01-11 11:50:40.7813|Debug|Configuring region adapters
2015-01-11 11:50:40.8103|Debug|Configuring default region behaviors
2015-01-11 11:50:40.8103|Debug|Registering Framework Exception Types
2015-01-11 11:50:40.8103|Debug|Creating shell
2015-01-11 11:50:41.0548|Debug|Setting the RegionManager.
2015-01-11 11:50:41.0548|Debug|Updating Regions.
2015-01-11 11:50:41.0704|Debug|Initializing shell
2015-01-11 11:50:41.3829|Debug|Initializing modules
2015-01-11 11:50:41.4454|Debug|Bootstrapper sequence completed
2015-01-11 12:23:23.7869|Debug|Logger was created successfully.
2015-01-11 12:23:23.8720|Debug|Creating module catalog.
2015-01-11 12:23:23.8720|Debug|Configuring module catalog.
2015-01-11 12:23:23.8910|Debug|Creating catalog for MEF
2015-01-11 12:23:23.8910|Debug|Configuring catalog for MEF
2015-01-11 12:23:24.2030|Debug|Creating Mef container
2015-01-11 12:23:24.2240|Debug|Configuring MEF container
2015-01-11 12:23:24.2470|Debug|Configuring ServiceLocator singleton
2015-01-11 12:23:24.2810|Debug|Configuring region adapters
2015-01-11 12:23:24.3090|Debug|Configuring default region behaviors
2015-01-11 12:23:24.3090|Debug|Registering Framework Exception Types
2015-01-11 12:23:24.3090|Debug|Creating shell
2015-01-11 12:23:24.5252|Debug|Setting the RegionManager.
2015-01-11 12:23:24.5408|Debug|Updating Regions.
2015-01-11 12:23:24.5564|Debug|Initializing shell
2015-01-11 12:23:24.8680|Debug|Initializing modules
2015-01-11 12:23:24.9617|Debug|Bootstrapper sequence completed
2015-01-11 12:25:59.5856|Debug|Logger was created successfully.
2015-01-11 12:25:59.6324|Debug|Creating module catalog.
2015-01-11 12:25:59.6324|Debug|Configuring module catalog.
2015-01-11 12:25:59.6481|Debug|Creating catalog for MEF
2015-01-11 12:25:59.6481|Debug|Configuring catalog for MEF
2015-01-11 12:25:59.8199|Debug|Creating Mef container
2015-01-11 12:25:59.8356|Debug|Configuring MEF container
2015-01-11 12:25:59.8512|Debug|Configuring ServiceLocator singleton
2015-01-11 12:25:59.8668|Debug|Configuring region adapters
2015-01-11 12:25:59.8981|Debug|Configuring default region behaviors
2015-01-11 12:25:59.9137|Debug|Registering Framework Exception Types
2015-01-11 12:25:59.9137|Debug|Creating shell
2015-01-11 12:26:00.1637|Debug|Setting the RegionManager.
2015-01-11 12:26:00.1637|Debug|Updating Regions.
2015-01-11 12:26:00.1949|Debug|Initializing shell
2015-01-11 12:26:00.5231|Debug|Initializing modules
2015-01-11 12:26:00.5856|Debug|Bootstrapper sequence completed
2015-01-11 12:40:38.1432|Debug|Logger was created successfully.
2015-01-11 12:40:38.2702|Debug|Creating module catalog.
2015-01-11 12:40:38.2852|Debug|Configuring module catalog.
2015-01-11 12:40:38.2962|Debug|Creating catalog for MEF
2015-01-11 12:40:38.2962|Debug|Configuring catalog for MEF
2015-01-11 12:40:38.5106|Debug|Creating Mef container
2015-01-11 12:40:38.5262|Debug|Configuring MEF container
2015-01-11 12:40:38.5418|Debug|Configuring ServiceLocator singleton
2015-01-11 12:40:38.5574|Debug|Configuring region adapters
2015-01-11 12:40:38.5887|Debug|Configuring default region behaviors
2015-01-11 12:40:38.6043|Debug|Registering Framework Exception Types
2015-01-11 12:40:38.6043|Debug|Creating shell
2015-01-11 12:40:38.8231|Debug|Setting the RegionManager.
2015-01-11 12:40:38.8543|Debug|Updating Regions.
2015-01-11 12:40:38.8699|Debug|Initializing shell
2015-01-11 12:40:39.1512|Debug|Initializing modules
2015-01-11 12:40:39.2293|Debug|Bootstrapper sequence completed
2015-01-11 12:42:37.8495|Debug|Logger was created successfully.
2015-01-11 12:42:37.8955|Debug|Creating module catalog.
2015-01-11 12:42:37.9055|Debug|Configuring module catalog.
2015-01-11 12:42:37.9055|Debug|Creating catalog for MEF
2015-01-11 12:42:37.9235|Debug|Configuring catalog for MEF
2015-01-11 12:42:38.2065|Debug|Creating Mef container
2015-01-11 12:42:38.2155|Debug|Configuring MEF container
2015-01-11 12:42:38.2155|Debug|Configuring ServiceLocator singleton
2015-01-11 12:42:38.2555|Debug|Configuring region adapters
2015-01-11 12:42:38.2865|Debug|Configuring default region behaviors
2015-01-11 12:42:38.2935|Debug|Registering Framework Exception Types
2015-01-11 12:42:38.2935|Debug|Creating shell
2015-01-11 12:42:38.5421|Debug|Setting the RegionManager.
2015-01-11 12:42:38.5577|Debug|Updating Regions.
2015-01-11 12:42:38.5734|Debug|Initializing shell
2015-01-11 12:42:38.8859|Debug|Initializing modules
2015-01-11 12:42:38.9484|Debug|Bootstrapper sequence completed
2015-01-11 12:43:43.6567|Debug|Logger was created successfully.
2015-01-11 12:43:43.6997|Debug|Creating module catalog.
2015-01-11 12:43:43.7157|Debug|Configuring module catalog.
2015-01-11 12:43:43.7157|Debug|Creating catalog for MEF
2015-01-11 12:43:43.7317|Debug|Configuring catalog for MEF
2015-01-11 12:43:43.9397|Debug|Creating Mef container
2015-01-11 12:43:43.9707|Debug|Configuring MEF container
2015-01-11 12:43:43.9847|Debug|Configuring ServiceLocator singleton
2015-01-11 12:43:44.0267|Debug|Configuring region adapters
2015-01-11 12:43:44.0537|Debug|Configuring default region behaviors
2015-01-11 12:43:44.0617|Debug|Registering Framework Exception Types
2015-01-11 12:43:44.0837|Debug|Creating shell
2015-01-11 12:43:44.3077|Debug|Setting the RegionManager.
2015-01-11 12:43:44.3157|Debug|Updating Regions.
2015-01-11 12:43:44.3317|Debug|Initializing shell
2015-01-11 12:43:44.6519|Debug|Initializing modules
2015-01-11 12:43:44.7300|Debug|Bootstrapper sequence completed
2015-01-11 12:55:03.8822|Debug|Logger was created successfully.
2015-01-11 12:55:03.9732|Debug|Creating module catalog.
2015-01-11 12:55:03.9842|Debug|Configuring module catalog.
2015-01-11 12:55:03.9972|Debug|Creating catalog for MEF
2015-01-11 12:55:03.9972|Debug|Configuring catalog for MEF
2015-01-11 12:55:04.2452|Debug|Creating Mef container
2015-01-11 12:55:04.2572|Debug|Configuring MEF container
2015-01-11 12:55:04.2672|Debug|Configuring ServiceLocator singleton
2015-01-11 12:55:04.3032|Debug|Configuring region adapters
2015-01-11 12:55:04.3442|Debug|Configuring default region behaviors
2015-01-11 12:55:04.3572|Debug|Registering Framework Exception Types
2015-01-11 12:55:04.3572|Debug|Creating shell
2015-01-11 12:55:04.5980|Debug|Setting the RegionManager.
2015-01-11 12:55:04.6137|Debug|Updating Regions.
2015-01-11 12:55:04.6293|Debug|Initializing shell
2015-01-11 12:55:04.8480|Debug|Initializing modules
2015-01-11 12:55:04.9418|Debug|Bootstrapper sequence completed
2015-01-11 13:05:06.8404|Debug|Logger was created successfully.
2015-01-11 13:05:06.8934|Debug|Creating module catalog.
2015-01-11 13:05:06.9034|Debug|Configuring module catalog.
2015-01-11 13:05:06.9184|Debug|Creating catalog for MEF
2015-01-11 13:05:06.9184|Debug|Configuring catalog for MEF
2015-01-11 13:05:07.2005|Debug|Creating Mef container
2015-01-11 13:05:07.2005|Debug|Configuring MEF container
2015-01-11 13:05:07.2165|Debug|Configuring ServiceLocator singleton
2015-01-11 13:05:07.2392|Debug|Configuring region adapters
2015-01-11 13:05:07.2548|Debug|Configuring default region behaviors
2015-01-11 13:05:07.2704|Debug|Registering Framework Exception Types
2015-01-11 13:05:07.2860|Debug|Creating shell
2015-01-11 13:05:07.5048|Debug|Setting the RegionManager.
2015-01-11 13:05:07.5204|Debug|Updating Regions.
2015-01-11 13:05:07.5204|Debug|Initializing shell
2015-01-11 13:05:07.8173|Debug|Initializing modules
2015-01-11 13:05:07.8798|Debug|Bootstrapper sequence completed
2015-01-11 13:06:40.4679|Debug|Logger was created successfully.
2015-01-11 13:06:40.5129|Debug|Creating module catalog.
2015-01-11 13:06:40.5129|Debug|Configuring module catalog.
2015-01-11 13:06:40.5329|Debug|Creating catalog for MEF
2015-01-11 13:06:40.5329|Debug|Configuring catalog for MEF
2015-01-11 13:06:40.7140|Debug|Creating Mef container
2015-01-11 13:06:40.7240|Debug|Configuring MEF container
2015-01-11 13:06:40.7340|Debug|Configuring ServiceLocator singleton
2015-01-11 13:06:40.7620|Debug|Configuring region adapters
2015-01-11 13:06:40.7970|Debug|Configuring default region behaviors
2015-01-11 13:06:40.7970|Debug|Registering Framework Exception Types
2015-01-11 13:06:40.8160|Debug|Creating shell
2015-01-11 13:06:41.0630|Debug|Setting the RegionManager.
2015-01-11 13:06:41.0770|Debug|Updating Regions.
2015-01-11 13:06:41.0770|Debug|Initializing shell
2015-01-11 13:06:41.3864|Debug|Initializing modules
2015-01-11 13:06:41.5271|Debug|Bootstrapper sequence completed
2015-01-11 13:08:23.5021|Debug|Logger was created successfully.
2015-01-11 13:08:23.5501|Debug|Creating module catalog.
2015-01-11 13:08:23.5591|Debug|Configuring module catalog.
2015-01-11 13:08:23.5591|Debug|Creating catalog for MEF
2015-01-11 13:08:23.5781|Debug|Configuring catalog for MEF
2015-01-11 13:08:23.7963|Debug|Creating Mef container
2015-01-11 13:08:23.8119|Debug|Configuring MEF container
2015-01-11 13:08:23.8275|Debug|Configuring ServiceLocator singleton
2015-01-11 13:08:23.8744|Debug|Configuring region adapters
2015-01-11 13:08:23.9056|Debug|Configuring default region behaviors
2015-01-11 13:08:23.9213|Debug|Registering Framework Exception Types
2015-01-11 13:08:23.9213|Debug|Creating shell
2015-01-11 13:08:24.2025|Debug|Setting the RegionManager.
2015-01-11 13:08:24.2181|Debug|Updating Regions.
2015-01-11 13:08:24.2338|Debug|Initializing shell
2015-01-11 13:08:24.5306|Debug|Initializing modules
2015-01-11 13:08:24.5931|Debug|Bootstrapper sequence completed
2015-01-11 13:09:57.5821|Debug|Logger was created successfully.
2015-01-11 13:09:57.6381|Debug|Creating module catalog.
2015-01-11 13:09:57.6381|Debug|Configuring module catalog.
2015-01-11 13:09:57.6631|Debug|Creating catalog for MEF
2015-01-11 13:09:57.6701|Debug|Configuring catalog for MEF
2015-01-11 13:09:58.0331|Debug|Creating Mef container
2015-01-11 13:09:58.0331|Debug|Configuring MEF container
2015-01-11 13:09:58.0800|Debug|Configuring ServiceLocator singleton
2015-01-11 13:09:58.1112|Debug|Configuring region adapters
2015-01-11 13:09:58.1425|Debug|Configuring default region behaviors
2015-01-11 13:09:58.1737|Debug|Registering Framework Exception Types
2015-01-11 13:09:58.1737|Debug|Creating shell
2015-01-11 13:09:58.4862|Debug|Setting the RegionManager.
2015-01-11 13:09:58.5019|Debug|Updating Regions.
2015-01-11 13:09:58.5175|Debug|Initializing shell
2015-01-11 13:09:59.9550|Debug|Initializing modules
2015-01-11 13:10:00.0175|Debug|Bootstrapper sequence completed
2015-01-11 13:10:40.2684|Debug|Logger was created successfully.
2015-01-11 13:10:40.3153|Debug|Creating module catalog.
2015-01-11 13:10:40.3309|Debug|Configuring module catalog.
2015-01-11 13:10:40.3309|Debug|Creating catalog for MEF
2015-01-11 13:10:40.3465|Debug|Configuring catalog for MEF
2015-01-11 13:10:40.7215|Debug|Creating Mef container
2015-01-11 13:10:40.7371|Debug|Configuring MEF container
2015-01-11 13:10:40.7528|Debug|Configuring ServiceLocator singleton
2015-01-11 13:10:40.7840|Debug|Configuring region adapters
2015-01-11 13:10:40.8153|Debug|Configuring default region behaviors
2015-01-11 13:10:40.8153|Debug|Registering Framework Exception Types
2015-01-11 13:10:40.8309|Debug|Creating shell
2015-01-11 13:10:41.0653|Debug|Setting the RegionManager.
2015-01-11 13:10:41.0653|Debug|Updating Regions.
2015-01-11 13:10:41.0809|Debug|Initializing shell
2015-01-11 13:11:21.1611|Debug|Logger was created successfully.
2015-01-11 13:11:21.2081|Debug|Creating module catalog.
2015-01-11 13:11:21.2191|Debug|Configuring module catalog.
2015-01-11 13:11:21.2321|Debug|Creating catalog for MEF
2015-01-11 13:11:21.2321|Debug|Configuring catalog for MEF
2015-01-11 13:11:21.4441|Debug|Creating Mef container
2015-01-11 13:11:21.4541|Debug|Configuring MEF container
2015-01-11 13:11:21.4831|Debug|Configuring ServiceLocator singleton
2015-01-11 13:11:21.5121|Debug|Configuring region adapters
2015-01-11 13:11:21.5581|Debug|Configuring default region behaviors
2015-01-11 13:11:21.5691|Debug|Registering Framework Exception Types
2015-01-11 13:11:21.5811|Debug|Creating shell
2015-01-11 13:11:21.8098|Debug|Setting the RegionManager.
2015-01-11 13:11:21.8255|Debug|Updating Regions.
2015-01-11 13:11:21.8255|Debug|Initializing shell
2015-01-11 13:11:22.1067|Debug|Initializing modules
2015-01-11 13:11:22.2161|Debug|Bootstrapper sequence completed
2015-01-11 13:13:22.3311|Debug|Logger was created successfully.
2015-01-11 13:13:22.3741|Debug|Creating module catalog.
2015-01-11 13:13:22.3881|Debug|Configuring module catalog.
2015-01-11 13:13:22.3881|Debug|Creating catalog for MEF
2015-01-11 13:13:22.4441|Debug|Configuring catalog for MEF
2015-01-11 13:13:22.7102|Debug|Creating Mef container
2015-01-11 13:13:22.7482|Debug|Configuring MEF container
2015-01-11 13:13:22.7682|Debug|Configuring ServiceLocator singleton
2015-01-11 13:13:22.8022|Debug|Configuring region adapters
2015-01-11 13:13:22.8342|Debug|Configuring default region behaviors
2015-01-11 13:13:22.8412|Debug|Registering Framework Exception Types
2015-01-11 13:13:22.8762|Debug|Creating shell
2015-01-11 13:13:23.1642|Debug|Setting the RegionManager.
2015-01-11 13:13:23.1872|Debug|Updating Regions.
2015-01-11 13:13:23.2022|Debug|Initializing shell
2015-01-11 13:13:23.4913|Debug|Initializing modules
2015-01-11 13:13:23.5538|Debug|Bootstrapper sequence completed
2015-01-11 13:13:47.2878|Debug|Logger was created successfully.
2015-01-11 13:13:47.3928|Debug|Creating module catalog.
2015-01-11 13:13:47.4248|Debug|Configuring module catalog.
2015-01-11 13:13:47.4358|Debug|Creating catalog for MEF
2015-01-11 13:13:47.4498|Debug|Configuring catalog for MEF
2015-01-11 13:13:47.7518|Debug|Creating Mef container
2015-01-11 13:13:47.7518|Debug|Configuring MEF container
2015-01-11 13:13:47.7718|Debug|Configuring ServiceLocator singleton
2015-01-11 13:13:47.8038|Debug|Configuring region adapters
2015-01-11 13:13:47.8318|Debug|Configuring default region behaviors
2015-01-11 13:13:47.8428|Debug|Registering Framework Exception Types
2015-01-11 13:13:47.8748|Debug|Creating shell
2015-01-11 13:13:48.2429|Debug|Setting the RegionManager.
2015-01-11 13:13:48.2509|Debug|Updating Regions.
2015-01-11 13:13:48.2509|Debug|Initializing shell
2015-01-11 13:13:48.7101|Debug|Initializing modules
2015-01-11 13:13:48.7726|Debug|Bootstrapper sequence completed
2015-01-11 13:16:23.2638|Debug|Logger was created successfully.
2015-01-11 13:16:23.3058|Debug|Creating module catalog.
2015-01-11 13:16:23.3168|Debug|Configuring module catalog.
2015-01-11 13:16:23.3298|Debug|Creating catalog for MEF
2015-01-11 13:16:23.3408|Debug|Configuring catalog for MEF
2015-01-11 13:16:23.5220|Debug|Creating Mef container
2015-01-11 13:16:23.5376|Debug|Configuring MEF container
2015-01-11 13:16:23.5689|Debug|Configuring ServiceLocator singleton
2015-01-11 13:16:23.5845|Debug|Configuring region adapters
2015-01-11 13:16:23.6158|Debug|Configuring default region behaviors
2015-01-11 13:16:23.6314|Debug|Registering Framework Exception Types
2015-01-11 13:16:23.6470|Debug|Creating shell
2015-01-11 13:16:23.8970|Debug|Setting the RegionManager.
2015-01-11 13:16:23.9283|Debug|Updating Regions.
2015-01-11 13:16:23.9283|Debug|Initializing shell
2015-01-11 13:16:24.2564|Debug|Initializing modules
2015-01-11 13:16:24.3189|Debug|Bootstrapper sequence completed
2015-01-11 13:17:41.1016|Debug|Logger was created successfully.
2015-01-11 13:17:41.1757|Debug|Creating module catalog.
2015-01-11 13:17:41.1867|Debug|Configuring module catalog.
2015-01-11 13:17:41.1997|Debug|Creating catalog for MEF
2015-01-11 13:17:41.2167|Debug|Configuring catalog for MEF
2015-01-11 13:17:41.4297|Debug|Creating Mef container
2015-01-11 13:17:41.4454|Debug|Configuring MEF container
2015-01-11 13:17:41.4454|Debug|Configuring ServiceLocator singleton
2015-01-11 13:17:41.4922|Debug|Configuring region adapters
2015-01-11 13:17:41.5235|Debug|Configuring default region behaviors
2015-01-11 13:17:41.5235|Debug|Registering Framework Exception Types
2015-01-11 13:17:41.5391|Debug|Creating shell
2015-01-11 13:17:41.7735|Debug|Setting the RegionManager.
2015-01-11 13:17:41.7891|Debug|Updating Regions.
2015-01-11 13:17:41.7891|Debug|Initializing shell
2015-01-11 13:17:42.0860|Debug|Initializing modules
2015-01-11 13:17:42.1797|Debug|Bootstrapper sequence completed
2015-01-11 13:18:08.2847|Debug|Logger was created successfully.
2015-01-11 13:18:08.3267|Debug|Creating module catalog.
2015-01-11 13:18:08.3267|Debug|Configuring module catalog.
2015-01-11 13:18:08.3847|Debug|Creating catalog for MEF
2015-01-11 13:18:08.3947|Debug|Configuring catalog for MEF
2015-01-11 13:18:08.6017|Debug|Creating Mef container
2015-01-11 13:18:08.6087|Debug|Configuring MEF container
2015-01-11 13:18:08.6227|Debug|Configuring ServiceLocator singleton
2015-01-11 13:18:08.6817|Debug|Configuring region adapters
2015-01-11 13:18:08.7127|Debug|Configuring default region behaviors
2015-01-11 13:18:08.7637|Debug|Registering Framework Exception Types
2015-01-11 13:18:08.7867|Debug|Creating shell
2015-01-11 13:18:09.0300|Debug|Setting the RegionManager.
2015-01-11 13:18:09.0456|Debug|Updating Regions.
2015-01-11 13:18:09.0456|Debug|Initializing shell
2015-01-11 13:18:09.3425|Debug|Initializing modules
2015-01-11 13:18:09.4206|Debug|Bootstrapper sequence completed
2015-01-11 13:20:32.4549|Debug|Logger was created successfully.
2015-01-11 13:20:32.5199|Debug|Creating module catalog.
2015-01-11 13:20:32.5279|Debug|Configuring module catalog.
2015-01-11 13:20:32.5279|Debug|Creating catalog for MEF
2015-01-11 13:20:32.5469|Debug|Configuring catalog for MEF
2015-01-11 13:20:32.9800|Debug|Creating Mef container
2015-01-11 13:20:33.0200|Debug|Configuring MEF container
2015-01-11 13:20:33.0300|Debug|Configuring ServiceLocator singleton
2015-01-11 13:20:33.0840|Debug|Configuring region adapters
2015-01-11 13:20:33.1320|Debug|Configuring default region behaviors
2015-01-11 13:20:33.1550|Debug|Registering Framework Exception Types
2015-01-11 13:20:33.1750|Debug|Creating shell
2015-01-11 13:20:33.3973|Debug|Setting the RegionManager.
2015-01-11 13:20:33.4129|Debug|Updating Regions.
2015-01-11 13:20:33.4285|Debug|Initializing shell
2015-01-11 13:20:33.6785|Debug|Initializing modules
2015-01-11 13:20:33.7410|Debug|Bootstrapper sequence completed
2015-01-11 13:20:51.9473|Debug|Logger was created successfully.
2015-01-11 13:20:51.9893|Debug|Creating module catalog.
2015-01-11 13:20:51.9973|Debug|Configuring module catalog.
2015-01-11 13:20:51.9973|Debug|Creating catalog for MEF
2015-01-11 13:20:51.9973|Debug|Configuring catalog for MEF
2015-01-11 13:20:52.3012|Debug|Creating Mef container
2015-01-11 13:20:52.3168|Debug|Configuring MEF container
2015-01-11 13:20:52.3325|Debug|Configuring ServiceLocator singleton
2015-01-11 13:20:52.3793|Debug|Configuring region adapters
2015-01-11 13:20:52.3950|Debug|Configuring default region behaviors
2015-01-11 13:20:52.4106|Debug|Registering Framework Exception Types
2015-01-11 13:20:52.4262|Debug|Creating shell
2015-01-11 13:20:52.6762|Debug|Setting the RegionManager.
2015-01-11 13:20:52.6762|Debug|Updating Regions.
2015-01-11 13:20:52.6918|Debug|Initializing shell
2015-01-11 13:20:53.0043|Debug|Initializing modules
2015-01-11 13:20:53.0668|Debug|Bootstrapper sequence completed
2015-01-11 13:23:43.4298|Debug|Logger was created successfully.
2015-01-11 13:23:43.4748|Debug|Creating module catalog.
2015-01-11 13:23:43.4858|Debug|Configuring module catalog.
2015-01-11 13:23:43.4858|Debug|Creating catalog for MEF
2015-01-11 13:23:43.5048|Debug|Configuring catalog for MEF
2015-01-11 13:23:43.7688|Debug|Creating Mef container
2015-01-11 13:23:43.7828|Debug|Configuring MEF container
2015-01-11 13:23:43.7968|Debug|Configuring ServiceLocator singleton
2015-01-11 13:23:43.8258|Debug|Configuring region adapters
2015-01-11 13:23:43.8628|Debug|Configuring default region behaviors
2015-01-11 13:23:43.8728|Debug|Registering Framework Exception Types
2015-01-11 13:23:43.8878|Debug|Creating shell
2015-01-11 13:23:44.1948|Debug|Setting the RegionManager.
2015-01-11 13:23:44.2038|Debug|Updating Regions.
2015-01-11 13:23:44.2188|Debug|Initializing shell
2015-01-11 13:23:44.5909|Debug|Initializing modules
2015-01-11 13:23:44.6534|Debug|Bootstrapper sequence completed
2015-01-11 13:25:13.7904|Debug|Logger was created successfully.
2015-01-11 13:25:13.8674|Debug|Creating module catalog.
2015-01-11 13:25:13.8784|Debug|Configuring module catalog.
2015-01-11 13:25:13.8904|Debug|Creating catalog for MEF
2015-01-11 13:25:13.9034|Debug|Configuring catalog for MEF
2015-01-11 13:25:14.1434|Debug|Creating Mef container
2015-01-11 13:25:14.1534|Debug|Configuring MEF container
2015-01-11 13:25:14.1724|Debug|Configuring ServiceLocator singleton
2015-01-11 13:25:14.2014|Debug|Configuring region adapters
2015-01-11 13:25:14.2414|Debug|Configuring default region behaviors
2015-01-11 13:25:14.2484|Debug|Registering Framework Exception Types
2015-01-11 13:25:14.2484|Debug|Creating shell
2015-01-11 13:25:14.4764|Debug|Setting the RegionManager.
2015-01-11 13:25:14.4854|Debug|Updating Regions.
2015-01-11 13:25:14.5004|Debug|Initializing shell
2015-01-11 13:25:14.8355|Debug|Initializing modules
2015-01-11 13:25:14.9315|Debug|Bootstrapper sequence completed
2015-01-11 13:26:02.7281|Debug|Logger was created successfully.
2015-01-11 13:26:02.7711|Debug|Creating module catalog.
2015-01-11 13:26:02.7871|Debug|Configuring module catalog.
2015-01-11 13:26:02.8061|Debug|Creating catalog for MEF
2015-01-11 13:26:02.8151|Debug|Configuring catalog for MEF
2015-01-11 13:26:03.0911|Debug|Creating Mef container
2015-01-11 13:26:03.1121|Debug|Configuring MEF container
2015-01-11 13:26:03.1231|Debug|Configuring ServiceLocator singleton
2015-01-11 13:26:03.1581|Debug|Configuring region adapters
2015-01-11 13:26:03.2221|Debug|Configuring default region behaviors
2015-01-11 13:26:03.2321|Debug|Registering Framework Exception Types
2015-01-11 13:26:03.2321|Debug|Creating shell
2015-01-11 13:26:03.4801|Debug|Setting the RegionManager.
2015-01-11 13:26:03.4957|Debug|Updating Regions.
2015-01-11 13:26:03.5113|Debug|Initializing shell
2015-01-11 13:26:03.8499|Debug|Initializing modules
2015-01-11 13:26:03.8968|Debug|Bootstrapper sequence completed
2015-01-11 13:26:35.2900|Debug|Logger was created successfully.
2015-01-11 13:26:35.3730|Debug|Creating module catalog.
2015-01-11 13:26:35.3970|Debug|Configuring module catalog.
2015-01-11 13:26:35.4150|Debug|Creating catalog for MEF
2015-01-11 13:26:35.4250|Debug|Configuring catalog for MEF
2015-01-11 13:26:35.6811|Debug|Creating Mef container
2015-01-11 13:26:35.6881|Debug|Configuring MEF container
2015-01-11 13:26:35.7011|Debug|Configuring ServiceLocator singleton
2015-01-11 13:26:35.7271|Debug|Configuring region adapters
2015-01-11 13:26:35.7561|Debug|Configuring default region behaviors
2015-01-11 13:26:35.7651|Debug|Registering Framework Exception Types
2015-01-11 13:26:35.7781|Debug|Creating shell
2015-01-11 13:26:36.0290|Debug|Setting the RegionManager.
2015-01-11 13:26:36.0603|Debug|Updating Regions.
2015-01-11 13:26:36.0603|Debug|Initializing shell
2015-01-11 13:26:36.3571|Debug|Initializing modules
2015-01-11 13:26:36.4353|Debug|Bootstrapper sequence completed
2015-01-11 13:27:09.2698|Debug|Logger was created successfully.
2015-01-11 13:27:09.3189|Debug|Creating module catalog.
2015-01-11 13:27:09.3279|Debug|Configuring module catalog.
2015-01-11 13:27:09.3509|Debug|Creating catalog for MEF
2015-01-11 13:27:09.3619|Debug|Configuring catalog for MEF
2015-01-11 13:27:09.6049|Debug|Creating Mef container
2015-01-11 13:27:09.6129|Debug|Configuring MEF container
2015-01-11 13:27:09.6239|Debug|Configuring ServiceLocator singleton
2015-01-11 13:27:09.6549|Debug|Configuring region adapters
2015-01-11 13:27:09.6829|Debug|Configuring default region behaviors
2015-01-11 13:27:09.6899|Debug|Registering Framework Exception Types
2015-01-11 13:27:09.6899|Debug|Creating shell
2015-01-11 13:27:09.9253|Debug|Setting the RegionManager.
2015-01-11 13:27:09.9409|Debug|Updating Regions.
2015-01-11 13:27:09.9878|Debug|Initializing shell
2015-01-11 13:27:10.2847|Debug|Initializing modules
2015-01-11 13:27:10.3472|Debug|Bootstrapper sequence completed
2015-01-11 13:27:59.5686|Debug|Logger was created successfully.
2015-01-11 13:27:59.6636|Debug|Creating module catalog.
2015-01-11 13:27:59.6886|Debug|Configuring module catalog.
2015-01-11 13:27:59.6996|Debug|Creating catalog for MEF
2015-01-11 13:27:59.6996|Debug|Configuring catalog for MEF
2015-01-11 13:27:59.9596|Debug|Creating Mef container
2015-01-11 13:27:59.9746|Debug|Configuring MEF container
2015-01-11 13:27:59.9986|Debug|Configuring ServiceLocator singleton
2015-01-11 13:28:00.0406|Debug|Configuring region adapters
2015-01-11 13:28:00.0687|Debug|Configuring default region behaviors
2015-01-11 13:28:00.0766|Debug|Registering Framework Exception Types
2015-01-11 13:28:00.0766|Debug|Creating shell
2015-01-11 13:28:00.2957|Debug|Setting the RegionManager.
2015-01-11 13:28:00.3097|Debug|Updating Regions.
2015-01-11 13:28:00.3097|Debug|Initializing shell
2015-01-11 13:28:00.5813|Debug|Initializing modules
2015-01-11 13:28:00.6595|Debug|Bootstrapper sequence completed
2015-01-11 13:29:14.6575|Debug|Logger was created successfully.
2015-01-11 13:29:14.7005|Debug|Creating module catalog.
2015-01-11 13:29:14.7005|Debug|Configuring module catalog.
2015-01-11 13:29:14.7215|Debug|Creating catalog for MEF
2015-01-11 13:29:14.7335|Debug|Configuring catalog for MEF
2015-01-11 13:29:14.9685|Debug|Creating Mef container
2015-01-11 13:29:14.9685|Debug|Configuring MEF container
2015-01-11 13:29:14.9841|Debug|Configuring ServiceLocator singleton
2015-01-11 13:29:15.0153|Debug|Configuring region adapters
2015-01-11 13:29:15.0622|Debug|Configuring default region behaviors
2015-01-11 13:29:15.0778|Debug|Registering Framework Exception Types
2015-01-11 13:29:15.0778|Debug|Creating shell
2015-01-11 13:29:15.3435|Debug|Setting the RegionManager.
2015-01-11 13:29:15.3591|Debug|Updating Regions.
2015-01-11 13:29:15.3747|Debug|Initializing shell
2015-01-11 13:29:15.6716|Debug|Initializing modules
2015-01-11 13:29:15.7341|Debug|Bootstrapper sequence completed
2015-01-11 13:30:04.6490|Debug|Logger was created successfully.
2015-01-11 13:30:04.6959|Debug|Creating module catalog.
2015-01-11 13:30:04.7115|Debug|Configuring module catalog.
2015-01-11 13:30:04.7115|Debug|Creating catalog for MEF
2015-01-11 13:30:04.7271|Debug|Configuring catalog for MEF
2015-01-11 13:30:04.8834|Debug|Creating Mef container
2015-01-11 13:30:04.8990|Debug|Configuring MEF container
2015-01-11 13:30:04.9146|Debug|Configuring ServiceLocator singleton
2015-01-11 13:30:04.9459|Debug|Configuring region adapters
2015-01-11 13:30:04.9771|Debug|Configuring default region behaviors
2015-01-11 13:30:04.9927|Debug|Registering Framework Exception Types
2015-01-11 13:30:04.9927|Debug|Creating shell
2015-01-11 13:30:05.2584|Debug|Setting the RegionManager.
2015-01-11 13:30:05.2740|Debug|Updating Regions.
2015-01-11 13:30:05.2740|Debug|Initializing shell
2015-01-11 13:30:05.5396|Debug|Initializing modules
2015-01-11 13:30:05.6177|Debug|Bootstrapper sequence completed
2015-01-11 13:31:10.1474|Debug|Logger was created successfully.
2015-01-11 13:31:10.1934|Debug|Creating module catalog.
2015-01-11 13:31:10.2034|Debug|Configuring module catalog.
2015-01-11 13:31:10.2034|Debug|Creating catalog for MEF
2015-01-11 13:31:10.2214|Debug|Configuring catalog for MEF
2015-01-11 13:31:10.4357|Debug|Creating Mef container
2015-01-11 13:31:10.4513|Debug|Configuring MEF container
2015-01-11 13:31:10.4826|Debug|Configuring ServiceLocator singleton
2015-01-11 13:31:10.5763|Debug|Configuring region adapters
2015-01-11 13:31:10.6307|Debug|Configuring default region behaviors
2015-01-11 13:31:10.6377|Debug|Registering Framework Exception Types
2015-01-11 13:31:10.6377|Debug|Creating shell
2015-01-11 13:31:10.9767|Debug|Setting the RegionManager.
2015-01-11 13:31:10.9967|Debug|Updating Regions.
2015-01-11 13:31:11.0287|Debug|Initializing shell
2015-01-11 13:31:11.4498|Debug|Initializing modules
2015-01-11 13:31:11.5438|Debug|Bootstrapper sequence completed
2015-01-11 13:32:00.4587|Debug|Logger was created successfully.
2015-01-11 13:32:00.5047|Debug|Creating module catalog.
2015-01-11 13:32:00.5137|Debug|Configuring module catalog.
2015-01-11 13:32:00.5277|Debug|Creating catalog for MEF
2015-01-11 13:32:00.5277|Debug|Configuring catalog for MEF
2015-01-11 13:32:00.9287|Debug|Creating Mef container
2015-01-11 13:32:00.9418|Debug|Configuring MEF container
2015-01-11 13:32:00.9528|Debug|Configuring ServiceLocator singleton
2015-01-11 13:32:00.9908|Debug|Configuring region adapters
2015-01-11 13:32:01.0208|Debug|Configuring default region behaviors
2015-01-11 13:32:01.0458|Debug|Registering Framework Exception Types
2015-01-11 13:32:01.0608|Debug|Creating shell
2015-01-11 13:32:01.4148|Debug|Setting the RegionManager.
2015-01-11 13:32:01.4978|Debug|Updating Regions.
2015-01-11 13:32:01.5158|Debug|Initializing shell
2015-01-11 13:32:02.0888|Debug|Initializing modules
2015-01-11 13:32:02.1928|Debug|Bootstrapper sequence completed
2015-01-11 13:32:43.3227|Debug|Logger was created successfully.
2015-01-11 13:32:43.3717|Debug|Creating module catalog.
2015-01-11 13:32:43.3717|Debug|Configuring module catalog.
2015-01-11 13:32:43.3917|Debug|Creating catalog for MEF
2015-01-11 13:32:43.3917|Debug|Configuring catalog for MEF
2015-01-11 13:32:43.7017|Debug|Creating Mef container
2015-01-11 13:32:43.7017|Debug|Configuring MEF container
2015-01-11 13:32:43.7197|Debug|Configuring ServiceLocator singleton
2015-01-11 13:32:43.7537|Debug|Configuring region adapters
2015-01-11 13:32:43.7977|Debug|Configuring default region behaviors
2015-01-11 13:32:43.8127|Debug|Registering Framework Exception Types
2015-01-11 13:32:43.8127|Debug|Creating shell
2015-01-11 13:32:44.0538|Debug|Setting the RegionManager.
2015-01-11 13:32:44.0628|Debug|Updating Regions.
2015-01-11 13:32:44.0838|Debug|Initializing shell
2015-01-11 13:32:44.4758|Debug|Initializing modules
2015-01-11 13:32:44.5635|Debug|Bootstrapper sequence completed
2015-01-11 13:34:13.9019|Debug|Logger was created successfully.
2015-01-11 13:34:13.9487|Debug|Creating module catalog.
2015-01-11 13:34:13.9487|Debug|Configuring module catalog.
2015-01-11 13:34:13.9644|Debug|Creating catalog for MEF
2015-01-11 13:34:13.9644|Debug|Configuring catalog for MEF
2015-01-11 13:34:14.3237|Debug|Creating Mef container
2015-01-11 13:34:14.3394|Debug|Configuring MEF container
2015-01-11 13:34:14.3394|Debug|Configuring ServiceLocator singleton
2015-01-11 13:34:14.3706|Debug|Configuring region adapters
2015-01-11 13:34:14.4019|Debug|Configuring default region behaviors
2015-01-11 13:34:14.4019|Debug|Registering Framework Exception Types
2015-01-11 13:34:14.4175|Debug|Creating shell
2015-01-11 13:34:45.0974|Debug|Logger was created successfully.
2015-01-11 13:34:45.1443|Debug|Creating module catalog.
2015-01-11 13:34:45.1599|Debug|Configuring module catalog.
2015-01-11 13:34:45.1755|Debug|Creating catalog for MEF
2015-01-11 13:34:45.1911|Debug|Configuring catalog for MEF
2015-01-11 13:34:45.5661|Debug|Creating Mef container
2015-01-11 13:34:45.5974|Debug|Configuring MEF container
2015-01-11 13:34:45.6130|Debug|Configuring ServiceLocator singleton
2015-01-11 13:34:45.6443|Debug|Configuring region adapters
2015-01-11 13:34:45.6755|Debug|Configuring default region behaviors
2015-01-11 13:34:45.6755|Debug|Registering Framework Exception Types
2015-01-11 13:34:45.6911|Debug|Creating shell
2015-01-11 13:34:45.9099|Debug|Setting the RegionManager.
2015-01-11 13:34:45.9255|Debug|Updating Regions.
2015-01-11 13:34:45.9568|Debug|Initializing shell
2015-01-11 13:34:46.2224|Debug|Initializing modules
2015-01-11 13:34:48.9412|Debug|Bootstrapper sequence completed
2015-01-11 13:36:37.0221|Debug|Logger was created successfully.
2015-01-11 13:36:37.0690|Debug|Creating module catalog.
2015-01-11 13:36:37.0846|Debug|Configuring module catalog.
2015-01-11 13:36:37.1002|Debug|Creating catalog for MEF
2015-01-11 13:36:37.1002|Debug|Configuring catalog for MEF
2015-01-11 13:36:37.4596|Debug|Creating Mef container
2015-01-11 13:36:37.4909|Debug|Configuring MEF container
2015-01-11 13:36:37.5065|Debug|Configuring ServiceLocator singleton
2015-01-11 13:36:37.5377|Debug|Configuring region adapters
2015-01-11 13:36:37.5690|Debug|Configuring default region behaviors
2015-01-11 13:36:37.5846|Debug|Registering Framework Exception Types
2015-01-11 13:36:37.5846|Debug|Creating shell
2015-01-11 13:36:41.6938|Debug|Setting the RegionManager.
2015-01-11 13:36:41.7407|Debug|Updating Regions.
2015-01-11 13:36:41.7563|Debug|Initializing shell
2015-01-11 13:36:43.1938|Debug|Initializing modules
2015-01-11 13:36:43.2720|Debug|Bootstrapper sequence completed
2015-01-11 13:37:08.8841|Debug|Logger was created successfully.
2015-01-11 13:37:08.9571|Debug|Creating module catalog.
2015-01-11 13:37:08.9751|Debug|Configuring module catalog.
2015-01-11 13:37:08.9901|Debug|Creating catalog for MEF
2015-01-11 13:37:09.0211|Debug|Configuring catalog for MEF
2015-01-11 13:37:09.7726|Debug|Creating Mef container
2015-01-11 13:37:09.8039|Debug|Configuring MEF container
2015-01-11 13:37:09.8195|Debug|Configuring ServiceLocator singleton
2015-01-11 13:37:09.8508|Debug|Configuring region adapters
2015-01-11 13:37:09.8820|Debug|Configuring default region behaviors
2015-01-11 13:37:09.8820|Debug|Registering Framework Exception Types
2015-01-11 13:37:09.8976|Debug|Creating shell
2015-01-11 13:37:16.6478|Debug|Setting the RegionManager.
2015-01-11 13:37:16.6790|Debug|Updating Regions.
2015-01-11 13:37:16.6947|Debug|Initializing shell
2015-01-11 13:37:17.0697|Debug|Initializing modules
2015-01-11 13:37:17.1478|Debug|Bootstrapper sequence completed
2015-01-11 13:37:46.3326|Debug|Logger was created successfully.
2015-01-11 13:37:46.4016|Debug|Creating module catalog.
2015-01-11 13:37:46.4376|Debug|Configuring module catalog.
2015-01-11 13:37:46.4376|Debug|Creating catalog for MEF
2015-01-11 13:37:46.4586|Debug|Configuring catalog for MEF
2015-01-11 13:37:46.7026|Debug|Creating Mef container
2015-01-11 13:37:46.7026|Debug|Configuring MEF container
2015-01-11 13:37:46.7196|Debug|Configuring ServiceLocator singleton
2015-01-11 13:37:46.8426|Debug|Configuring region adapters
2015-01-11 13:37:46.8776|Debug|Configuring default region behaviors
2015-01-11 13:37:46.8956|Debug|Registering Framework Exception Types
2015-01-11 13:37:46.9226|Debug|Creating shell
2015-01-11 13:37:47.3176|Debug|Setting the RegionManager.
2015-01-11 13:37:47.3276|Debug|Updating Regions.
2015-01-11 13:37:47.3436|Debug|Initializing shell
2015-01-11 13:37:47.6945|Debug|Initializing modules
2015-01-11 13:37:47.7726|Debug|Bootstrapper sequence completed
2015-01-11 13:38:21.1808|Debug|Logger was created successfully.
2015-01-11 13:38:21.2288|Debug|Creating module catalog.
2015-01-11 13:38:21.2398|Debug|Configuring module catalog.
2015-01-11 13:38:21.2778|Debug|Creating catalog for MEF
2015-01-11 13:38:21.2778|Debug|Configuring catalog for MEF
2015-01-11 13:38:21.5258|Debug|Creating Mef container
2015-01-11 13:38:21.5608|Debug|Configuring MEF container
2015-01-11 13:38:21.5778|Debug|Configuring ServiceLocator singleton
2015-01-11 13:38:21.6058|Debug|Configuring region adapters
2015-01-11 13:38:21.6378|Debug|Configuring default region behaviors
2015-01-11 13:38:21.6728|Debug|Registering Framework Exception Types
2015-01-11 13:38:21.6898|Debug|Creating shell
2015-01-11 13:38:21.9342|Debug|Setting the RegionManager.
2015-01-11 13:38:21.9498|Debug|Updating Regions.
2015-01-11 13:38:21.9654|Debug|Initializing shell
2015-01-11 13:38:22.2154|Debug|Initializing modules
2015-01-11 13:38:22.3404|Debug|Bootstrapper sequence completed
2015-01-11 13:38:54.5595|Debug|Logger was created successfully.
2015-01-11 13:38:54.6085|Debug|Creating module catalog.
2015-01-11 13:38:54.6225|Debug|Configuring module catalog.
2015-01-11 13:38:54.6225|Debug|Creating catalog for MEF
2015-01-11 13:38:54.6385|Debug|Configuring catalog for MEF
2015-01-11 13:38:54.9685|Debug|Creating Mef container
2015-01-11 13:38:54.9815|Debug|Configuring MEF container
2015-01-11 13:38:54.9985|Debug|Configuring ServiceLocator singleton
2015-01-11 13:38:55.0275|Debug|Configuring region adapters
2015-01-11 13:38:55.0585|Debug|Configuring default region behaviors
2015-01-11 13:38:55.0665|Debug|Registering Framework Exception Types
2015-01-11 13:38:55.1065|Debug|Creating shell
2015-01-11 13:38:55.4155|Debug|Setting the RegionManager.
2015-01-11 13:38:55.4655|Debug|Updating Regions.
2015-01-11 13:38:55.4816|Debug|Initializing shell
2015-01-11 13:38:55.7848|Debug|Initializing modules
2015-01-11 13:38:55.8629|Debug|Bootstrapper sequence completed
2015-01-11 13:42:03.1610|Debug|Logger was created successfully.
2015-01-11 13:42:03.2050|Debug|Creating module catalog.
2015-01-11 13:42:03.2180|Debug|Configuring module catalog.
2015-01-11 13:42:03.2180|Debug|Creating catalog for MEF
2015-01-11 13:42:03.2380|Debug|Configuring catalog for MEF
2015-01-11 13:42:03.6402|Debug|Creating Mef container
2015-01-11 13:42:03.6402|Debug|Configuring MEF container
2015-01-11 13:42:03.6558|Debug|Configuring ServiceLocator singleton
2015-01-11 13:42:03.6871|Debug|Configuring region adapters
2015-01-11 13:42:03.7027|Debug|Configuring default region behaviors
2015-01-11 13:42:03.7183|Debug|Registering Framework Exception Types
2015-01-11 13:42:03.7339|Debug|Creating shell
2015-01-11 13:42:05.2340|Debug|Setting the RegionManager.
2015-01-11 13:42:05.2496|Debug|Updating Regions.
2015-01-11 13:42:05.2496|Debug|Initializing shell
2015-01-11 13:42:05.6715|Debug|Initializing modules
2015-01-11 13:42:05.7652|Debug|Bootstrapper sequence completed
2015-01-11 13:43:14.1193|Debug|Logger was created successfully.
2015-01-11 13:43:14.1723|Debug|Creating module catalog.
2015-01-11 13:43:14.1913|Debug|Configuring module catalog.
2015-01-11 13:43:14.2053|Debug|Creating catalog for MEF
2015-01-11 13:43:14.2053|Debug|Configuring catalog for MEF
2015-01-11 13:43:14.6213|Debug|Creating Mef container
2015-01-11 13:43:14.6433|Debug|Configuring MEF container
2015-01-11 13:43:14.6713|Debug|Configuring ServiceLocator singleton
2015-01-11 13:43:14.7083|Debug|Configuring region adapters
2015-01-11 13:43:14.7363|Debug|Configuring default region behaviors
2015-01-11 13:43:14.7483|Debug|Registering Framework Exception Types
2015-01-11 13:43:14.7483|Debug|Creating shell
2015-01-11 13:43:14.9973|Debug|Setting the RegionManager.
2015-01-11 13:43:15.0193|Debug|Updating Regions.
2015-01-11 13:43:47.5451|Debug|Logger was created successfully.
2015-01-11 13:43:47.5920|Debug|Creating module catalog.
2015-01-11 13:43:47.6076|Debug|Configuring module catalog.
2015-01-11 13:43:47.6232|Debug|Creating catalog for MEF
2015-01-11 13:43:47.6389|Debug|Configuring catalog for MEF
2015-01-11 13:43:47.9357|Debug|Creating Mef container
2015-01-11 13:43:47.9514|Debug|Configuring MEF container
2015-01-11 13:43:47.9670|Debug|Configuring ServiceLocator singleton
2015-01-11 13:43:47.9826|Debug|Configuring region adapters
2015-01-11 13:43:48.0139|Debug|Configuring default region behaviors
2015-01-11 13:43:48.0295|Debug|Registering Framework Exception Types
2015-01-11 13:43:48.0451|Debug|Creating shell
2015-01-11 13:43:49.1701|Debug|Setting the RegionManager.
2015-01-11 13:43:50.1248|Debug|Updating Regions.
2015-01-11 13:43:50.2030|Debug|Initializing shell
2015-01-11 13:43:51.4686|Debug|Initializing modules
2015-01-11 13:43:51.5624|Debug|Bootstrapper sequence completed
2015-01-11 13:45:05.4585|Debug|Logger was created successfully.
2015-01-11 13:45:05.5065|Debug|Creating module catalog.
2015-01-11 13:45:05.5165|Debug|Configuring module catalog.
2015-01-11 13:45:05.5165|Debug|Creating catalog for MEF
2015-01-11 13:45:05.5805|Debug|Configuring catalog for MEF
2015-01-11 13:45:05.9557|Debug|Creating Mef container
2015-01-11 13:45:05.9713|Debug|Configuring MEF container
2015-01-11 13:45:05.9869|Debug|Configuring ServiceLocator singleton
2015-01-11 13:45:06.0025|Debug|Configuring region adapters
2015-01-11 13:45:06.0338|Debug|Configuring default region behaviors
2015-01-11 13:45:06.0494|Debug|Registering Framework Exception Types
2015-01-11 13:45:06.0494|Debug|Creating shell
2015-01-11 13:45:11.7526|Debug|Setting the RegionManager.
2015-01-11 13:45:11.7839|Debug|Updating Regions.
2015-01-11 13:45:11.7995|Debug|Initializing shell
2015-01-11 13:45:12.1745|Debug|Initializing modules
2015-01-11 13:45:12.2370|Debug|Bootstrapper sequence completed
2015-01-11 13:45:51.1717|Debug|Logger was created successfully.
2015-01-11 13:45:51.2157|Debug|Creating module catalog.
2015-01-11 13:45:51.2427|Debug|Configuring module catalog.
2015-01-11 13:45:51.2557|Debug|Creating catalog for MEF
2015-01-11 13:45:51.2647|Debug|Configuring catalog for MEF
2015-01-11 13:45:51.4867|Debug|Creating Mef container
2015-01-11 13:45:51.5037|Debug|Configuring MEF container
2015-01-11 13:45:51.5337|Debug|Configuring ServiceLocator singleton
2015-01-11 13:45:51.5717|Debug|Configuring region adapters
2015-01-11 13:45:51.6037|Debug|Configuring default region behaviors
2015-01-11 13:45:51.6107|Debug|Registering Framework Exception Types
2015-01-11 13:45:51.6217|Debug|Creating shell
2015-01-11 13:45:51.8577|Debug|Setting the RegionManager.
2015-01-11 13:45:51.8737|Debug|Updating Regions.
2015-01-11 13:45:51.8737|Debug|Initializing shell
2015-01-11 13:45:52.2218|Debug|Initializing modules
2015-01-11 13:45:52.3208|Debug|Bootstrapper sequence completed
2015-01-11 13:46:34.6504|Debug|Logger was created successfully.
2015-01-11 13:46:34.6973|Debug|Creating module catalog.
2015-01-11 13:46:34.6973|Debug|Configuring module catalog.
2015-01-11 13:46:34.7129|Debug|Creating catalog for MEF
2015-01-11 13:46:34.7598|Debug|Configuring catalog for MEF
2015-01-11 13:46:35.0879|Debug|Creating Mef container
2015-01-11 13:46:35.0879|Debug|Configuring MEF container
2015-01-11 13:46:35.1035|Debug|Configuring ServiceLocator singleton
2015-01-11 13:46:35.1192|Debug|Configuring region adapters
2015-01-11 13:46:35.1504|Debug|Configuring default region behaviors
2015-01-11 13:46:35.1660|Debug|Registering Framework Exception Types
2015-01-11 13:46:35.1660|Debug|Creating shell
2015-01-11 13:46:35.3692|Debug|Setting the RegionManager.
2015-01-11 13:46:35.3848|Debug|Updating Regions.
2015-01-11 13:46:35.4004|Debug|Initializing shell
2015-01-11 13:46:35.7285|Debug|Initializing modules
2015-01-11 13:46:35.8535|Debug|Bootstrapper sequence completed
2015-01-11 13:55:34.2176|Debug|Logger was created successfully.
2015-01-11 13:55:34.2816|Debug|Creating module catalog.
2015-01-11 13:55:34.2936|Debug|Configuring module catalog.
2015-01-11 13:55:34.2936|Debug|Creating catalog for MEF
2015-01-11 13:55:34.3176|Debug|Configuring catalog for MEF
2015-01-11 13:55:34.5412|Debug|Creating Mef container
2015-01-11 13:55:34.5568|Debug|Configuring MEF container
2015-01-11 13:55:34.5725|Debug|Configuring ServiceLocator singleton
2015-01-11 13:55:34.6037|Debug|Configuring region adapters
2015-01-11 13:55:34.6350|Debug|Configuring default region behaviors
2015-01-11 13:55:34.6350|Debug|Registering Framework Exception Types
2015-01-11 13:55:34.6506|Debug|Creating shell
2015-01-11 13:55:34.9006|Debug|Setting the RegionManager.
2015-01-11 13:55:34.9631|Debug|Updating Regions.
2015-01-11 13:55:34.9787|Debug|Initializing shell
2015-01-11 13:55:35.2443|Debug|Initializing modules
2015-01-11 13:55:35.3225|Debug|Bootstrapper sequence completed
