2015-01-09 08:46:58.0285|Debug|Logger was created successfully.
2015-01-09 08:46:58.0665|Debug|Creating module catalog.
2015-01-09 08:46:58.0785|Debug|Configuring module catalog.
2015-01-09 08:46:58.0875|Debug|Creating catalog for MEF
2015-01-09 08:46:58.0875|Debug|Configuring catalog for MEF
2015-01-09 08:46:58.3505|Debug|Creating Mef container
2015-01-09 08:46:58.3505|Debug|Configuring MEF container
2015-01-09 08:46:58.3675|Debug|Configuring ServiceLocator singleton
2015-01-09 08:46:58.3905|Debug|Configuring region adapters
2015-01-09 08:46:58.4155|Debug|Configuring default region behaviors
2015-01-09 08:46:58.4155|Debug|Registering Framework Exception Types
2015-01-09 08:46:58.4315|Debug|Creating shell
2015-01-09 08:46:58.6425|Debug|Setting the RegionManager.
2015-01-09 08:46:58.6475|Debug|Updating Regions.
2015-01-09 08:46:58.6635|Debug|Initializing shell
2015-01-09 08:46:58.9365|Debug|Initializing modules
2015-01-09 08:46:59.0175|Debug|Bootstrapper sequence completed
2015-01-09 09:22:59.6940|Debug|Logger was created successfully.
2015-01-09 09:22:59.7409|Debug|Creating module catalog.
2015-01-09 09:22:59.7409|Debug|Configuring module catalog.
2015-01-09 09:22:59.7565|Debug|Creating catalog for MEF
2015-01-09 09:22:59.7565|Debug|Configuring catalog for MEF
2015-01-09 09:23:00.0378|Debug|Creating Mef container
2015-01-09 09:23:00.0534|Debug|Configuring MEF container
2015-01-09 09:23:00.0690|Debug|Configuring ServiceLocator singleton
2015-01-09 09:23:00.0846|Debug|Configuring region adapters
2015-01-09 09:23:00.1159|Debug|Configuring default region behaviors
2015-01-09 09:23:00.1159|Debug|Registering Framework Exception Types
2015-01-09 09:23:00.1315|Debug|Creating shell
2015-01-09 09:23:00.3503|Debug|Setting the RegionManager.
2015-01-09 09:23:00.3659|Debug|Updating Regions.
2015-01-09 09:23:00.3815|Debug|Initializing shell
2015-01-09 09:23:00.6471|Debug|Initializing modules
2015-01-09 09:23:00.7253|Debug|Bootstrapper sequence completed
